[debug] [2022-10-21T01:05:40.559Z] ----------------------------------------------------------------------
[debug] [2022-10-21T01:05:40.561Z] Command:       C:\Program Files\nodejs\node.exe C:\Users\MSI\AppData\Roaming\npm\node_modules\firebase-tools\lib\bin\firebase.js init
[debug] [2022-10-21T01:05:40.562Z] CLI Version:   11.15.0
[debug] [2022-10-21T01:05:40.562Z] Platform:      win32
[debug] [2022-10-21T01:05:40.562Z] Node Version:  v16.18.0
[debug] [2022-10-21T01:05:40.563Z] Time:          Fri Oct 21 2022 08:05:40 GMT+0700 (Indochina Time)
[debug] [2022-10-21T01:05:40.564Z] ----------------------------------------------------------------------
[debug] 
[debug] [2022-10-21T01:05:40.568Z] >>> [apiv2][query] GET https://firebase-public.firebaseio.com/cli.json [none]
[debug] [2022-10-21T01:05:40.786Z] > command requires scopes: ["email","openid","https://www.googleapis.com/auth/cloudplatformprojects.readonly","https://www.googleapis.com/auth/firebase","https://www.googleapis.com/auth/cloud-platform"]
[debug] [2022-10-21T01:05:40.787Z] > authorizing via signed-in user (doilatheday0022@gmail.com)
[info] 
     ######## #### ########  ######## ########     ###     ######  ########
     ##        ##  ##     ## ##       ##     ##  ##   ##  ##       ##
     ######    ##  ########  ######   ########  #########  ######  ######
     ##        ##  ##    ##  ##       ##     ## ##     ##       ## ##
     ##       #### ##     ## ######## ########  ##     ##  ######  ########

You're about to initialize a Firebase project in this directory:

  E:\Udemy\gearshop

Before we get started, keep in mind:

  * You are initializing within an existing Firebase project directory

[debug] [2022-10-21T01:05:41.324Z] <<< [apiv2][status] GET https://firebase-public.firebaseio.com/cli.json 200
[debug] [2022-10-21T01:05:41.324Z] <<< [apiv2][body] GET https://firebase-public.firebaseio.com/cli.json {"cloudBuildErrorAfter":1594252800000,"cloudBuildWarnAfter":1590019200000,"defaultNode10After":1594252800000,"minVersion":"3.0.5","node8DeploysDisabledAfter":1613390400000,"node8RuntimeDisabledAfter":1615809600000,"node8WarnAfter":1600128000000}
[info] 
=== Project Setup
[info] 
[info] First, let's associate this project directory with a Firebase project.
[info] You can create multiple project aliases by running firebase use --add, 
[info] but for now we'll just set up a default project.
[info] 
[debug] [2022-10-21T01:07:50.109Z] Using project from CLI flag: gearshop-f3e7f
[debug] [2022-10-21T01:07:50.110Z] > refreshing access token with scopes: []
[debug] [2022-10-21T01:07:50.112Z] >>> [apiv2][query] POST https://www.googleapis.com/oauth2/v3/token [none]
[debug] [2022-10-21T01:07:50.112Z] >>> [apiv2][body] POST https://www.googleapis.com/oauth2/v3/token [omitted]
[debug] [2022-10-21T01:07:50.379Z] <<< [apiv2][status] POST https://www.googleapis.com/oauth2/v3/token 200
[debug] [2022-10-21T01:07:50.379Z] <<< [apiv2][body] POST https://www.googleapis.com/oauth2/v3/token [omitted]
[debug] [2022-10-21T01:07:50.406Z] >>> [apiv2][query] GET https://firebase.googleapis.com/v1beta1/projects/gearshop-f3e7f [none]
[debug] [2022-10-21T01:07:50.876Z] <<< [apiv2][status] GET https://firebase.googleapis.com/v1beta1/projects/gearshop-f3e7f 200
[debug] [2022-10-21T01:07:50.876Z] <<< [apiv2][body] GET https://firebase.googleapis.com/v1beta1/projects/gearshop-f3e7f {"projectId":"gearshop-f3e7f","projectNumber":"101212553973","displayName":"gearShop","name":"projects/gearshop-f3e7f","resources":{"hostingSite":"gearshop-f3e7f","realtimeDatabaseInstance":"gearshop-f3e7f-default-rtdb","storageBucket":"gearshop-f3e7f.appspot.com","locationId":"us-central"},"state":"ACTIVE","etag":"1_1a283a38-4f4d-4d53-8a17-84a997cb9c49"}
[info] i  Using project gearshop-f3e7f (gearShop) 
[info] 
=== Hosting Setup
[info] 
[info] Your public directory is the folder (relative to your project directory) that
[info] will contain Hosting assets to be uploaded with firebase deploy. If you
[info] have a build process for your assets, use your build's output directory.
[info] 
[debug] [2022-10-21T01:08:18.601Z] >>> [apiv2][query] GET https://www.gstatic.com/firebasejs/releases.json [none]
[debug] [2022-10-21T01:08:18.784Z] <<< [apiv2][status] GET https://www.gstatic.com/firebasejs/releases.json 200
[debug] [2022-10-21T01:08:18.784Z] <<< [apiv2][body] GET https://www.gstatic.com/firebasejs/releases.json {"current":{"version":"9.12.1","browserURL":"https://www.gstatic.com/firebasejs/9.12.1/firebase.js","packageURL":"https://www.gstatic.com/firebasejs/9.12.1/firebase.tgz"},"live":{"version":"9.12","browserURL":"https://www.gstatic.com/firebasejs/live/9.12/firebase.js","packageURL":"https://www.gstatic.com/firebasejs/live/9.12/firebase.tgz"},"components":{"analytics":"https://www.gstatic.com/firebasejs/9.12.1/firebase-analytics.js","app":"https://www.gstatic.com/firebasejs/9.12.1/firebase-app.js","app-check":"https://www.gstatic.com/firebasejs/9.12.1/firebase-app-check.js","auth":"https://www.gstatic.com/firebasejs/9.12.1/firebase-auth.js","auth/cordova":"https://www.gstatic.com/firebasejs/9.12.1/firebase-auth/cordova.js","auth/react-native":"https://www.gstatic.com/firebasejs/9.12.1/firebase-auth/react-native.js","functions":"https://www.gstatic.com/firebasejs/9.12.1/firebase-functions.js","firestore":"https://www.gstatic.com/firebasejs/9.12.1/firebase-firestore.js","firestore/lite":"https://www.gstatic.com/firebasejs/9.12.1/firebase-firestore/lite.js","installations":"https://www.gstatic.com/firebasejs/9.12.1/firebase-installations.js","storage":"https://www.gstatic.com/firebasejs/9.12.1/firebase-storage.js","performance":"https://www.gstatic.com/firebasejs/9.12.1/firebase-performance.js","remote-config":"https://www.gstatic.com/firebasejs/9.12.1/firebase-remote-config.js","messaging":"https://www.gstatic.com/firebasejs/9.12.1/firebase-messaging.js","messaging/sw":"https://www.gstatic.com/firebasejs/9.12.1/firebase-messaging/sw.js","database":"https://www.gstatic.com/firebasejs/9.12.1/firebase-database.js","firestore.memory":"https://www.gstatic.com/firebasejs/9.12.1/firebase-firestore.memory.js"}}
[info] +  Wrote y/index.html 
[info] 
[info] i  Detected a .git folder at E:\Udemy\gearshop 
[info] i  Authorizing with GitHub to upload your service account to a GitHub repository's secrets store. 
[info] 
[info] Visit this URL on this device to log in:
[info] https://github.com/login/oauth/authorize?client_id=89cf50f02ac6aaed3484&state=826594238&redirect_uri=http%3A%2F%2Flocalhost%3A9005&scope=read%3Auser%20repo%20public_repo
[info] 
[info] Waiting for authentication...
[debug] [2022-10-21T01:08:20.249Z] >>> [apiv2][query] POST https://github.com/login/oauth/access_token [none]
[debug] [2022-10-21T01:08:20.249Z] >>> [apiv2][body] POST https://github.com/login/oauth/access_token [stream]
[debug] [2022-10-21T01:08:20.774Z] <<< [apiv2][status] POST https://github.com/login/oauth/access_token 200
[debug] [2022-10-21T01:08:20.774Z] <<< [apiv2][body] POST https://github.com/login/oauth/access_token {"access_token":"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","token_type":"bearer","scope":"read:user,repo"}
[debug] [2022-10-21T01:08:20.788Z] >>> [apiv2][query] GET https://api.github.com/user [none]
[debug] [2022-10-21T01:08:21.349Z] <<< [apiv2][status] GET https://api.github.com/user 200
[debug] [2022-10-21T01:08:21.350Z] <<< [apiv2][body] GET https://api.github.com/user {"login":"thachnguyen281995","id":98725769,"node_id":"U_kgDOBeJviQ","avatar_url":"https://avatars.githubusercontent.com/u/98725769?v=4","gravatar_id":"","url":"https://api.github.com/users/thachnguyen281995","html_url":"https://github.com/thachnguyen281995","followers_url":"https://api.github.com/users/thachnguyen281995/followers","following_url":"https://api.github.com/users/thachnguyen281995/following{/other_user}","gists_url":"https://api.github.com/users/thachnguyen281995/gists{/gist_id}","starred_url":"https://api.github.com/users/thachnguyen281995/starred{/owner}{/repo}","subscriptions_url":"https://api.github.com/users/thachnguyen281995/subscriptions","organizations_url":"https://api.github.com/users/thachnguyen281995/orgs","repos_url":"https://api.github.com/users/thachnguyen281995/repos","events_url":"https://api.github.com/users/thachnguyen281995/events{/privacy}","received_events_url":"https://api.github.com/users/thachnguyen281995/received_events","type":"User","site_admin":false,"name":"Thạch Nguyễn","company":null,"blog":"","location":"VietNam","email":null,"hireable":null,"bio":null,"twitter_username":null,"public_repos":21,"public_gists":0,"followers":0,"following":2,"created_at":"2022-01-31T03:51:57Z","updated_at":"2022-10-18T05:26:40Z","private_gists":0,"total_private_repos":0,"owned_private_repos":0,"disk_usage":75082,"collaborators":0,"two_factor_authentication":false,"plan":{"name":"free","space":976562499,"collaborators":0,"private_repos":10000}}
[info] 
[info] +  Success! Logged into GitHub as thachnguyen281995 
[info] 
[debug] [2022-10-21T01:51:28.048Z] >>> [apiv2][query] GET https://api.github.com/repos//actions/secrets/public-key type=owner
[debug] [2022-10-21T01:51:28.207Z] >>> [apiv2][query] GET https://api.github.com/repos//actions/secrets/public-key type=owner
[debug] [2022-10-21T01:51:28.504Z] <<< [apiv2][status] GET https://api.github.com/repos//actions/secrets/public-key 404
[debug] [2022-10-21T01:51:28.505Z] <<< [apiv2][body] GET https://api.github.com/repos//actions/secrets/public-key {"message":"Not Found","documentation_url":"https://docs.github.com/rest"}
[debug] [2022-10-21T01:51:28.649Z] <<< [apiv2][status] GET https://api.github.com/repos//actions/secrets/public-key 404
[debug] [2022-10-21T01:51:28.649Z] <<< [apiv2][body] GET https://api.github.com/repos//actions/secrets/public-key {"message":"Not Found","documentation_url":"https://docs.github.com/rest"}
